\BOOKMARK [1][-]{section.1}{\376\377\000I\000n\000t\000r\000o\000d\000u\000c\000t\000i\000o\000n}{}% 1
\BOOKMARK [1][-]{section.2}{\376\377\000B\000a\000y\000e\000s\000\040\000f\000a\000c\000t\000o\000r\000s\000\040\000f\000o\000r\000\040\000i\000n\000f\000o\000r\000m\000a\000t\000i\000v\000e\000\040\000h\000y\000p\000o\000t\000h\000e\000s\000e\000s\000\040\000i\000n\000\040\000o\000n\000e\000\040\000s\000t\000u\000d\000y}{}% 2
\BOOKMARK [2][-]{subsection.2.1}{\376\377\000I\000n\000f\000o\000r\000m\000a\000t\000i\000v\000e\000\040\000h\000y\000p\000o\000t\000h\000e\000s\000e\000s}{section.2}% 3
\BOOKMARK [2][-]{subsection.2.2}{\376\377\000B\000a\000y\000e\000s\000i\000a\000n\000\040\000m\000o\000d\000e\000l\000\040\000s\000e\000l\000e\000c\000t\000i\000o\000n}{section.2}% 4
\BOOKMARK [3][-]{subsubsection.2.2.1}{\376\377\000T\000e\000s\000t\000i\000n\000g\000\040\000a\000g\000a\000i\000n\000s\000t\000\040\000t\000h\000e\000\040\000u\000n\000c\000o\000n\000s\000t\000r\000a\000i\000n\000e\000d\000\040\000m\000o\000d\000e\000l}{subsection.2.2}% 5
\BOOKMARK [3][-]{subsubsection.2.2.2}{\376\377\000T\000e\000s\000t\000i\000n\000g\000\040\000a\000g\000a\000i\000n\000s\000t\000\040\000t\000h\000e\000\040\000c\000o\000m\000p\000l\000e\000m\000e\000n\000t\000a\000r\000y\000\040\000m\000o\000d\000e\000l}{subsection.2.2}% 6
\BOOKMARK [3][-]{subsubsection.2.2.3}{\376\377\000T\000e\000s\000t\000i\000n\000g\000\040\000a\000g\000a\000i\000n\000s\000t\000\040\000t\000h\000e\000\040\000n\000u\000l\000l\000\040\000m\000o\000d\000e\000l}{subsection.2.2}% 7
\BOOKMARK [3][-]{subsubsection.2.2.4}{\376\377\000P\000o\000s\000t\000e\000r\000i\000o\000r\000\040\000m\000o\000d\000e\000l\000\040\000p\000r\000o\000b\000a\000b\000i\000l\000i\000t\000i\000e\000s}{subsection.2.2}% 8
\BOOKMARK [2][-]{subsection.2.3}{\376\377\000B\000a\000y\000e\000s\000\040\000f\000a\000c\000t\000o\000r\000s\000\040\000f\000o\000r\000\040\000a\000\040\000B\000i\000n\000o\000m\000i\000a\000l\000\040\000e\000x\000a\000m\000p\000l\000e}{section.2}% 9
\BOOKMARK [1][-]{section.3}{\376\377\000A\000g\000g\000r\000e\000g\000a\000t\000i\000n\000g\000\040\000e\000v\000i\000d\000e\000n\000c\000e\000\040\000f\000r\000o\000m\000\040\000m\000u\000l\000t\000i\000p\000l\000e\000\040\000s\000t\000u\000d\000i\000e\000s}{}% 10
\BOOKMARK [2][-]{subsection.3.1}{\376\377\000T\000w\000o\000\040\000u\000p\000d\000a\000t\000i\000n\000g\000\040\000s\000c\000h\000e\000m\000e\000s\000\040\000f\000o\000r\000\040\000e\000x\000a\000c\000t\000\040\000r\000e\000p\000l\000i\000c\000a\000t\000i\000o\000n\000s}{section.3}% 11
\BOOKMARK [3][-]{subsubsection.3.1.1}{\376\377\000B\000a\000y\000e\000s\000i\000a\000n\000\040\000s\000e\000q\000u\000e\000n\000t\000i\000a\000l\000\040\000u\000p\000d\000a\000t\000i\000n\000g\000\040\000\050\000B\000S\000U\000\051}{subsection.3.1}% 12
\BOOKMARK [3][-]{subsubsection.3.1.2}{\376\377\000B\000a\000y\000e\000s\000i\000a\000n\000\040\000e\000v\000i\000d\000e\000n\000c\000e\000\040\000s\000y\000n\000t\000h\000e\000s\000i\000s\000\040\000\050\000B\000E\000S\000\051}{subsection.3.1}% 13
\BOOKMARK [2][-]{subsection.3.2}{\376\377\000A\000g\000g\000r\000e\000g\000a\000t\000i\000o\000n\000\040\000i\000n\000\040\000t\000h\000e\000\040\000b\000i\000n\000o\000m\000i\000a\000l\000\040\000e\000x\000a\000m\000p\000l\000e}{section.3}% 14
\BOOKMARK [2][-]{subsection.3.3}{\376\377\000A\000n\000\040\000e\000x\000a\000m\000p\000l\000e\000\040\000o\000f\000\040\000c\000o\000n\000c\000e\000p\000t\000u\000a\000l\000\040\000r\000e\000p\000l\000i\000c\000a\000t\000i\000o\000n\000s}{section.3}% 15
\BOOKMARK [3][-]{subsubsection.3.3.1}{\376\377\000S\000i\000m\000u\000l\000a\000t\000i\000o\000n\000\040\0001\000:\000\040\000U\000s\000i\000n\000g\000\040\000B\000E\000S\000\040\000w\000h\000e\000n\000\040\000s\000t\000u\000d\000i\000e\000s\000\040\000h\000a\000v\000e\000\040\000d\000i\000f\000f\000e\000r\000e\000n\000t\000\040\000o\000u\000t\000c\000o\000m\000e\000\040\000v\000a\000r\000i\000a\000b\000l\000e\000s}{subsection.3.3}% 16
\BOOKMARK [3][-]{subsubsection.3.3.2}{\376\377\000S\000i\000m\000u\000l\000a\000t\000i\000o\000n\000\040\0002\000:\000\040\000U\000s\000i\000n\000g\000\040\000B\000E\000S\000\040\000w\000h\000e\000n\000\040\000t\000h\000e\000\040\000s\000t\000u\000d\000i\000e\000s\000\040\000h\000a\000v\000e\000\040\000d\000i\000f\000f\000e\000r\000e\000n\000t\000\040\000p\000r\000e\000d\000i\000c\000t\000o\000r\000s\000\040\000a\000n\000d\000\040\000o\000u\000t\000c\000o\000m\000e\000\040\000v\000a\000r\000i\000a\000b\000l\000e\000s}{subsection.3.3}% 17
\BOOKMARK [1][-]{section.4}{\376\377\000C\000o\000n\000c\000l\000u\000s\000i\000o\000n\000\040\000a\000n\000d\000\040\000d\000i\000s\000c\000u\000s\000s\000i\000o\000n}{}% 18
\BOOKMARK [1][-]{appendix.1.A}{\376\377\000D\000a\000t\000a\000\040\000g\000e\000n\000e\000r\000a\000t\000i\000o\000n\000\040\000a\000n\000d\000\040\000a\000n\000a\000l\000y\000s\000i\000s}{}% 19
\BOOKMARK [2][-]{subsection.1.A.1}{\376\377\000S\000i\000m\000u\000l\000a\000t\000i\000o\000n\000\040\0001}{appendix.1.A}% 20
\BOOKMARK [2][-]{subsection.1.A.2}{\376\377\000S\000i\000m\000u\000l\000a\000t\000i\000o\000n\000\040\0002}{appendix.1.A}% 21
